<?xml version="1.0" encoding="UTF-8"?>
<!-- Generated by org.testng.reporters.JUnitXMLReporter -->
<testsuite ignored="0" hostname="Mukeshs-MacBook-Air.local" failures="1" tests="9" name="Test" time="210.715" errors="0" timestamp="2025-04-09T08:11:27 IST">
  <testcase classname="testcases.LoginApplication" name="loginWithValidCredentials" time="10.041"/>
  <testcase classname="testcases.LoginApplication" name="logoutFromApplication" time="4.645"/>
  <testcase classname="testcases.LoginApplication" name="verifyFooterLinks" time="0.024"/>
  <testcase classname="testcases.LoginApplication" name="verifyNewUserLinks" time="31.222">
    <skipped/>
  </testcase> <!-- verifyNewUserLinks -->
  <testcase classname="testcases.LoginApplication" name="verifyNewUserLinks" time="31.268">
    <skipped/>
  </testcase> <!-- verifyNewUserLinks -->
  <testcase classname="testcases.LoginApplication" name="verifyNewUserLinks" time="31.131">
    <skipped/>
  </testcase> <!-- verifyNewUserLinks -->
  <testcase classname="testcases.LoginApplication" name="verifyNewUserLinks" time="31.238">
    <skipped/>
  </testcase> <!-- verifyNewUserLinks -->
  <testcase classname="testcases.LoginApplication" name="verifyNewUserLinks" time="31.196">
    <skipped/>
  </testcase> <!-- verifyNewUserLinks -->
  <testcase classname="testcases.LoginApplication" name="verifyNewUserLinks" time="31.432">
    <failure type="org.openqa.selenium.TimeoutException" message="Expected condition failed: waiting for element to be clickable: By.linkText: New user? Signup111 (tried for 30 second(s) with 500 milliseconds interval)
Build info: version: &amp;apos;4.31.0&amp;apos;, revision: &amp;apos;1ef9f18787*&amp;apos;
System info: os.name: &amp;apos;Mac OS X&amp;apos;, os.arch: &amp;apos;aarch64&amp;apos;, os.version: &amp;apos;14.5&amp;apos;, java.version: &amp;apos;17.0.12&amp;apos;
Driver info: org.openqa.selenium.chrome.ChromeDriver
Capabilities {acceptInsecureCerts: false, browserName: chrome, browserVersion: 135.0.7049.84, chrome: {chromedriverVersion: 135.0.7049.84 (6c019e560019..., userDataDir: /var/folders/z1/vylkdf412wj...}, fedcm:accounts: true, goog:chromeOptions: {debuggerAddress: localhost:49814}, networkConnectionEnabled: false, pageLoadStrategy: normal, platformName: mac, proxy: Proxy(), se:cdp: ws://localhost:49814/devtoo..., se:cdpVersion: 135.0.7049.84, setWindowRect: true, strictFileInteractability: false, timeouts: {implicit: 0, pageLoad: 300000, script: 30000}, unhandledPromptBehavior: dismiss and notify, webauthn:extension:credBlob: true, webauthn:extension:largeBlob: true, webauthn:extension:minPinLength: true, webauthn:extension:prf: true, webauthn:virtualAuthenticators: true}
Session ID: c4fd40a631399bc161a4c474b4ec903f">
      <![CDATA[org.openqa.selenium.TimeoutException: Expected condition failed: waiting for element to be clickable: By.linkText: New user? Signup111 (tried for 30 second(s) with 500 milliseconds interval)
Build info: version: '4.31.0', revision: '1ef9f18787*'
System info: os.name: 'Mac OS X', os.arch: 'aarch64', os.version: '14.5', java.version: '17.0.12'
Driver info: org.openqa.selenium.chrome.ChromeDriver
Capabilities {acceptInsecureCerts: false, browserName: chrome, browserVersion: 135.0.7049.84, chrome: {chromedriverVersion: 135.0.7049.84 (6c019e560019..., userDataDir: /var/folders/z1/vylkdf412wj...}, fedcm:accounts: true, goog:chromeOptions: {debuggerAddress: localhost:49814}, networkConnectionEnabled: false, pageLoadStrategy: normal, platformName: mac, proxy: Proxy(), se:cdp: ws://localhost:49814/devtoo..., se:cdpVersion: 135.0.7049.84, setWindowRect: true, strictFileInteractability: false, timeouts: {implicit: 0, pageLoad: 300000, script: 30000}, unhandledPromptBehavior: dismiss and notify, webauthn:extension:credBlob: true, webauthn:extension:largeBlob: true, webauthn:extension:minPinLength: true, webauthn:extension:prf: true, webauthn:virtualAuthenticators: true}
Session ID: c4fd40a631399bc161a4c474b4ec903f
at org.openqa.selenium.support.ui.WebDriverWait.timeoutException(WebDriverWait.java:84)
at org.openqa.selenium.support.ui.FluentWait.until(FluentWait.java:228)
at helper.Utility.checkElement(Utility.java:59)
at pages.LoginPage.isSignUpLinkPresent(LoginPage.java:34)
at testcases.LoginApplication.verifyNewUserLinks(LoginApplication.java:60)
at java.base/java.util.ArrayList.forEach(ArrayList.java:1511)
... Removed 27 stack frames]]>
    </failure>
  </testcase> <!-- verifyNewUserLinks -->
</testsuite> <!-- Test -->
